Chatbot-Android-master/app/build/intermediates/manifest_merge_blame_file/debug/manifest-merger-blame-debug-report.txt
1<?xml version="1.0" encoding="utf-8"?>
2<manifest xmlns:android="http://schemas.android.com/apk/res/android"
3    package="com.hariofspades.chatbot"
4    android:versionCode="1"
5    android:versionName="1.0" >
6
7    <uses-sdk
8        android:minSdkVersion="16"
8-->src\main\AndroidManifest.xml
9        android:targetSdkVersion="23" />
9-->src\main\AndroidManifest.xml
10
11    <uses-permission android:name="android.permission.MOUNT_UNMOUNT_FILESYSTEMS" />
11-->src\main\AndroidManifest.xml:7:5-8:47
11-->src\main\AndroidManifest.xml:7:22-81
12    <uses-permission
12-->src\main\AndroidManifest.xml:9:5-11:37
13        android:name="android.permission.WRITE_EXTERNAL_STORAGE"
13-->src\main\AndroidManifest.xml:10:8-64
14        android:maxSdkVersion="27" />
14-->src\main\AndroidManifest.xml:11:8-34
15
16    <application
16-->src\main\AndroidManifest.xml:13:5-26:19
17        android:allowBackup="true"
17-->src\main\AndroidManifest.xml:14:9-35
18        android:debuggable="true"
19        android:icon="@drawable/ico_mic"
19-->src\main\AndroidManifest.xml:15:9-41
20        android:label="@string/app_name"
20-->src\main\AndroidManifest.xml:16:9-41
21        android:supportsRtl="true"
21-->src\main\AndroidManifest.xml:17:9-35
22        android:testOnly="true"
23        android:theme="@style/AppTheme" >
23-->src\main\AndroidManifest.xml:18:9-40
24        <activity android:name="com.hariofspades.chatbot.MainActivity" >
24-->src\main\AndroidManifest.xml:19:9-25:20
24-->src\main\AndroidManifest.xml:19:19-47
25            <intent-filter>
25-->src\main\AndroidManifest.xml:20:13-24:29
26                <action android:name="android.intent.action.MAIN" />
26-->src\main\AndroidManifest.xml:21:17-69
26-->src\main\AndroidManifest.xml:21:25-66
27
28                <category android:name="android.intent.category.LAUNCHER" />
28-->src\main\AndroidManifest.xml:23:17-77
28-->src\main\AndroidManifest.xml:23:27-74
29            </intent-filter>
30        </activity>
31    </application>
32
33</manifest>